<?xml version="1.0" encoding="UTF-8"?>
<testng-results ignored="0" total="5" passed="4" failed="1" skipped="0">
  <reporter-output>
    <line>
      <![CDATA[Test case 5 passed, searching shoes]]>
    </line>
    <line>
      <![CDATA[Login validated with valid cred]]>
    </line>
    <line>
      <![CDATA[Registration done]]>
    </line>
  </reporter-output>
  <suite started-at="2024-07-17T21:38:40 IST" name="Suite" finished-at="2024-07-17T21:39:25 IST" duration-ms="44889">
    <groups>
    </groups>
    <test started-at="2024-07-17T21:38:40 IST" name="Test" finished-at="2024-07-17T21:39:25 IST" duration-ms="44889">
      <class name="ecommerce.Project.Test_Case2">
        <test-method signature="login_to_Amazon_Valid_Cred()[pri:0, instance:ecommerce.Project.Test_Case2@5d7148e2]" started-at="2024-07-17T21:39:07 IST" name="login_to_Amazon_Valid_Cred" finished-at="2024-07-17T21:39:15 IST" duration-ms="8862" status="PASS">
          <reporter-output>
            <line>
              <![CDATA[Login validated with valid cred]]>
            </line>
          </reporter-output>
        </test-method> <!-- login_to_Amazon_Valid_Cred -->
      </class> <!-- ecommerce.Project.Test_Case2 -->
      <class name="ecommerce.Project.Test_Case3">
        <test-method signature="login_to_Amazon_inValid_Cred()[pri:0, instance:ecommerce.Project.Test_Case3@25fb8912]" started-at="2024-07-17T21:39:15 IST" name="login_to_Amazon_inValid_Cred" finished-at="2024-07-17T21:39:21 IST" duration-ms="5186" status="FAIL">
          <exception class="java.lang.AssertionError">
            <message>
              <![CDATA[invalid mobile number expected [Amazon Sign In] but found []]]>
            </message>
            <full-stacktrace>
              <![CDATA[java.lang.AssertionError: invalid mobile number expected [Amazon Sign In] but found []
at org.testng.Assert.fail(Assert.java:111)
at org.testng.Assert.failNotEquals(Assert.java:1578)
at org.testng.Assert.assertEqualsImpl(Assert.java:150)
at org.testng.Assert.assertEquals(Assert.java:132)
at org.testng.Assert.assertEquals(Assert.java:656)
at ecommerce.Project.Test_Case3.login_to_Amazon_inValid_Cred(Test_Case3.java:24)
at java.base/jdk.internal.reflect.NativeMethodAccessorImpl.invoke0(Native Method)
at java.base/jdk.internal.reflect.NativeMethodAccessorImpl.invoke(NativeMethodAccessorImpl.java:77)
at java.base/jdk.internal.reflect.DelegatingMethodAccessorImpl.invoke(DelegatingMethodAccessorImpl.java:43)
at java.base/java.lang.reflect.Method.invoke(Method.java:568)
at org.testng.internal.invokers.MethodInvocationHelper.invokeMethod(MethodInvocationHelper.java:139)
at org.testng.internal.invokers.TestInvoker.invokeMethod(TestInvoker.java:664)
at org.testng.internal.invokers.TestInvoker.invokeTestMethod(TestInvoker.java:227)
at org.testng.internal.invokers.MethodRunner.runInSequence(MethodRunner.java:50)
at org.testng.internal.invokers.TestInvoker$MethodInvocationAgent.invoke(TestInvoker.java:957)
at org.testng.internal.invokers.TestInvoker.invokeTestMethods(TestInvoker.java:200)
at org.testng.internal.invokers.TestMethodWorker.invokeTestMethods(TestMethodWorker.java:148)
at org.testng.internal.invokers.TestMethodWorker.run(TestMethodWorker.java:128)
at java.base/java.util.ArrayList.forEach(ArrayList.java:1511)
at org.testng.TestRunner.privateRun(TestRunner.java:848)
at org.testng.TestRunner.run(TestRunner.java:621)
at org.testng.SuiteRunner.runTest(SuiteRunner.java:443)
at org.testng.SuiteRunner.runSequentially(SuiteRunner.java:437)
at org.testng.SuiteRunner.privateRun(SuiteRunner.java:397)
at org.testng.SuiteRunner.run(SuiteRunner.java:336)
at org.testng.SuiteRunnerWorker.runSuite(SuiteRunnerWorker.java:52)
at org.testng.SuiteRunnerWorker.run(SuiteRunnerWorker.java:95)
at org.testng.TestNG.runSuitesSequentially(TestNG.java:1280)
at org.testng.TestNG.runSuitesLocally(TestNG.java:1200)
at org.testng.TestNG.runSuites(TestNG.java:1114)
at org.testng.TestNG.run(TestNG.java:1082)
at org.apache.maven.surefire.testng.TestNGExecutor.run(TestNGExecutor.java:324)
at org.apache.maven.surefire.testng.TestNGXmlTestSuite.execute(TestNGXmlTestSuite.java:74)
at org.apache.maven.surefire.testng.TestNGProvider.invoke(TestNGProvider.java:123)
at org.apache.maven.surefire.booter.ForkedBooter.runSuitesInProcess(ForkedBooter.java:456)
at org.apache.maven.surefire.booter.ForkedBooter.execute(ForkedBooter.java:169)
at org.apache.maven.surefire.booter.ForkedBooter.run(ForkedBooter.java:595)
at org.apache.maven.surefire.booter.ForkedBooter.main(ForkedBooter.java:581)
]]>
            </full-stacktrace>
          </exception> <!-- java.lang.AssertionError -->
          <reporter-output>
          </reporter-output>
        </test-method> <!-- login_to_Amazon_inValid_Cred -->
      </class> <!-- ecommerce.Project.Test_Case3 -->
      <class name="ecommerce.Project.Test_Case5">
        <test-method signature="Search_shoes()[pri:0, instance:ecommerce.Project.Test_Case5@4fb3ee4e]" started-at="2024-07-17T21:38:59 IST" name="Search_shoes" finished-at="2024-07-17T21:39:07 IST" duration-ms="7866" status="PASS">
          <reporter-output>
            <line>
              <![CDATA[Test case 5 passed, searching shoes]]>
            </line>
          </reporter-output>
        </test-method> <!-- Search_shoes -->
      </class> <!-- ecommerce.Project.Test_Case5 -->
      <class name="ecommerce.Project.Test_Case6">
        <test-method signature="Search_shoes()[pri:0, instance:ecommerce.Project.Test_Case6@47987356]" started-at="2024-07-17T21:38:40 IST" name="Search_shoes" finished-at="2024-07-17T21:38:59 IST" duration-ms="18315" status="PASS">
          <reporter-output>
          </reporter-output>
        </test-method> <!-- Search_shoes -->
      </class> <!-- ecommerce.Project.Test_Case6 -->
      <class name="ecommerce.Project.Test_Case1">
        <test-method signature="new_user_registration()[pri:0, instance:ecommerce.Project.Test_Case1@7c24b813]" started-at="2024-07-17T21:39:21 IST" name="new_user_registration" finished-at="2024-07-17T21:39:25 IST" duration-ms="4600" status="PASS">
          <reporter-output>
            <line>
              <![CDATA[Registration done]]>
            </line>
          </reporter-output>
        </test-method> <!-- new_user_registration -->
      </class> <!-- ecommerce.Project.Test_Case1 -->
    </test> <!-- Test -->
  </suite> <!-- Suite -->
</testng-results>
